c:\src\windows-driver-samples-main\filesys\minifilter\passthrough\x64\release\vc143.pdb
c:\src\windows-driver-samples-main\filesys\minifilter\passthrough\x64\release\protect.obj
c:\src\windows-driver-samples-main\filesys\minifilter\passthrough\x64\release\passthrough.obj
c:\src\windows-driver-samples-main\filesys\minifilter\passthrough\x64\release\passthrough\passthrough.cat
c:\src\windows-driver-samples-main\filesys\minifilter\passthrough\x64\release\passthrough.sys
c:\src\windows-driver-samples-main\filesys\minifilter\passthrough\x64\release\passthrough.pdb
c:\src\windows-driver-samples-main\filesys\minifilter\passthrough\x64\release\passthrough.res
c:\src\windows-driver-samples-main\filesys\minifilter\passthrough\x64\release\passthrough.inf
c:\src\windows-driver-samples-main\filesys\minifilter\passthrough\x64\release\passthrough.tlog\cl.command.1.tlog
c:\src\windows-driver-samples-main\filesys\minifilter\passthrough\x64\release\passthrough.tlog\cl.items.tlog
c:\src\windows-driver-samples-main\filesys\minifilter\passthrough\x64\release\passthrough.tlog\cl.read.1.tlog
c:\src\windows-driver-samples-main\filesys\minifilter\passthrough\x64\release\passthrough.tlog\cl.write.1.tlog
c:\src\windows-driver-samples-main\filesys\minifilter\passthrough\x64\release\passthrough.tlog\drvcat.command.1.tlog
c:\src\windows-driver-samples-main\filesys\minifilter\passthrough\x64\release\passthrough.tlog\drvcat.read.1.tlog
c:\src\windows-driver-samples-main\filesys\minifilter\passthrough\x64\release\passthrough.tlog\drvcat.write.1.tlog
c:\src\windows-driver-samples-main\filesys\minifilter\passthrough\x64\release\passthrough.tlog\inf2cat-expand.852.read.1.tlog
c:\src\windows-driver-samples-main\filesys\minifilter\passthrough\x64\release\passthrough.tlog\inf2cat-expand.852.write.1.tlog
c:\src\windows-driver-samples-main\filesys\minifilter\passthrough\x64\release\passthrough.tlog\inf2cat-expand.read.1.tlog
c:\src\windows-driver-samples-main\filesys\minifilter\passthrough\x64\release\passthrough.tlog\inf2cat-expand.write.1.tlog
c:\src\windows-driver-samples-main\filesys\minifilter\passthrough\x64\release\passthrough.tlog\inf2cat.command.1.tlog
c:\src\windows-driver-samples-main\filesys\minifilter\passthrough\x64\release\passthrough.tlog\inf2cat.read.1.tlog
c:\src\windows-driver-samples-main\filesys\minifilter\passthrough\x64\release\passthrough.tlog\inf2cat.write.1.tlog
c:\src\windows-driver-samples-main\filesys\minifilter\passthrough\x64\release\passthrough.tlog\link.command.1.tlog
c:\src\windows-driver-samples-main\filesys\minifilter\passthrough\x64\release\passthrough.tlog\link.read.1.tlog
c:\src\windows-driver-samples-main\filesys\minifilter\passthrough\x64\release\passthrough.tlog\link.secondary.1.tlog
c:\src\windows-driver-samples-main\filesys\minifilter\passthrough\x64\release\passthrough.tlog\link.write.1.tlog
c:\src\windows-driver-samples-main\filesys\minifilter\passthrough\x64\release\passthrough.tlog\rc.command.1.tlog
c:\src\windows-driver-samples-main\filesys\minifilter\passthrough\x64\release\passthrough.tlog\rc.read.1.tlog
c:\src\windows-driver-samples-main\filesys\minifilter\passthrough\x64\release\passthrough.tlog\rc.write.1.tlog
c:\src\windows-driver-samples-main\filesys\minifilter\passthrough\x64\release\passthrough.tlog\signtool.command.1.tlog
c:\src\windows-driver-samples-main\filesys\minifilter\passthrough\x64\release\passthrough.tlog\signtool.read.1.tlog
c:\src\windows-driver-samples-main\filesys\minifilter\passthrough\x64\release\passthrough.tlog\signtool.timestamp.1.tlog
c:\src\windows-driver-samples-main\filesys\minifilter\passthrough\x64\release\passthrough.tlog\signtool.write.1.tlog
c:\src\windows-driver-samples-main\filesys\minifilter\passthrough\x64\release\passthrough.tlog\stampinf.command.1.tlog
c:\src\windows-driver-samples-main\filesys\minifilter\passthrough\x64\release\passthrough.tlog\stampinf.read.1.tlog
c:\src\windows-driver-samples-main\filesys\minifilter\passthrough\x64\release\passthrough.tlog\stampinf.write.1.tlog
